<?xml version="1.0" encoding="UTF-8"?>
<!-- Generated by org.testng.reporters.JUnitReportReporter -->
<testsuite skipped="0" hostname="DESKTOP-LT0H2AE" name="com.tests.GoogleTests" tests="2" failures="0" timestamp="31 Jan 2018 02:45:41 GMT" time="11.984" errors="0">
  <testcase name="searchTestTwo" time="5.724" classname="com.tests.GoogleTests"/>
  <testcase name="searchTest" time="6.260" classname="com.tests.GoogleTests"/>
</testsuite> <!-- com.tests.GoogleTests -->
