<?xml version="1.0" encoding="UTF-8"?>
<!-- Generated by org.testng.reporters.JUnitReportReporter -->
<testsuite skipped="0" hostname="DESKTOP-LT0H2AE" name="com.tests.ActionsDemo" tests="1" failures="0" timestamp="15 Feb 2018 01:59:00 GMT" time="8.655" errors="0">
  <testcase name="pageDown2" time="8.655" classname="com.tests.ActionsDemo"/>
</testsuite> <!-- com.tests.ActionsDemo -->
