<?xml version="1.0" encoding="UTF-8"?>
<!-- Generated by org.testng.reporters.JUnitReportReporter -->
<testsuite skipped="0" hostname="DESKTOP-LT0H2AE" name="com.tests.IFrameDemo" tests="1" failures="0" timestamp="17 Feb 2018 19:40:06 GMT" time="6.105" errors="0">
  <testcase name="test3" time="6.105" classname="com.tests.IFrameDemo"/>
</testsuite> <!-- com.tests.IFrameDemo -->
