<?xml version="1.0" encoding="UTF-8"?>
<!-- Generated by org.testng.reporters.JUnitReportReporter -->
<testsuite skipped="0" hostname="DESKTOP-LT0H2AE" name="com.tests.VerifyElementExists" tests="1" failures="0" timestamp="07 Feb 2018 01:52:37 GMT" time="8.763" errors="0">
  <testcase name="test" time="8.763" classname="com.tests.VerifyElementExists"/>
</testsuite> <!-- com.tests.VerifyElementExists -->
