<?xml version="1.0" encoding="UTF-8"?>
<!-- Generated by org.testng.reporters.JUnitReportReporter -->
<testsuite skipped="0" hostname="DESKTOP-LT0H2AE" name="com.tests.TableTests" tests="1" failures="0" timestamp="10 Feb 2018 17:51:31 GMT" time="5.186" errors="0">
  <testcase name="test" time="5.186" classname="com.tests.TableTests"/>
</testsuite> <!-- com.tests.TableTests -->
