<?xml version="1.0" encoding="UTF-8"?>
<!-- Generated by org.testng.reporters.JUnitReportReporter -->
<testsuite skipped="0" hostname="DESKTOP-LT0H2AE" name="com.tests.DropDownLists" tests="1" failures="0" timestamp="28 Feb 2018 23:45:22 GMT" time="8.405" errors="0">
  <testcase name="test" time="8.405" classname="com.tests.DropDownLists"/>
</testsuite> <!-- com.tests.DropDownLists -->
