<?xml version="1.0" encoding="UTF-8"?>
<!-- Generated by org.testng.reporters.JUnitReportReporter -->
<testsuite skipped="0" hostname="DESKTOP-LT0H2AE" name="com.tests.RadioHead" tests="1" failures="0" timestamp="03 Feb 2018 19:34:43 GMT" time="12.476" errors="0">
  <testcase name="radioButtonTest" time="12.476" classname="com.tests.RadioHead"/>
</testsuite> <!-- com.tests.RadioHead -->
