<?xml version="1.0" encoding="UTF-8"?>
<!-- Generated by org.testng.reporters.JUnitReportReporter -->
<testsuite skipped="0" hostname="DESKTOP-LT0H2AE" name="com.tests.WebOrdersTables" tests="1" failures="0" timestamp="10 Feb 2018 19:54:34 GMT" time="6.593" errors="0">
  <testcase name="test" time="6.593" classname="com.tests.WebOrdersTables"/>
</testsuite> <!-- com.tests.WebOrdersTables -->
