<?xml version="1.0" encoding="UTF-8"?>
<!-- Generated by org.testng.reporters.JUnitReportReporter -->
<testsuite skipped="0" hostname="DESKTOP-LT0H2AE" name="com.tests.TestNGDemo" tests="2" failures="0" timestamp="31 Jan 2018 01:03:24 GMT" time="0.000" errors="0">
  <testcase name="firstTest" time="0.000" classname="com.tests.TestNGDemo"/>
  <testcase name="secondTest" time="0.000" classname="com.tests.TestNGDemo"/>
</testsuite> <!-- com.tests.TestNGDemo -->
