<?xml version="1.0" encoding="UTF-8"?>
<!-- Generated by org.testng.reporters.JUnitReportReporter -->
<testsuite skipped="0" hostname="DESKTOP-LT0H2AE" name="com.tests.PropertiesDemo" tests="1" failures="0" timestamp="22 Feb 2018 02:53:53 GMT" time="3.930" errors="0">
  <testcase name="test" time="3.930" classname="com.tests.PropertiesDemo"/>
</testsuite> <!-- com.tests.PropertiesDemo -->
