<?xml version="1.0" encoding="UTF-8"?>
<!-- Generated by org.testng.reporters.JUnitReportReporter -->
<testsuite skipped="0" hostname="DESKTOP-LT0H2AE" name="com.tests.AVerySmallClass" tests="1" failures="0" timestamp="10 Jan 2019 03:56:31 GMT" time="4.717" errors="0">
  <testcase name="test" time="4.717" classname="com.tests.AVerySmallClass"/>
</testsuite> <!-- com.tests.AVerySmallClass -->
