<?xml version="1.0" encoding="UTF-8"?>
<!-- Generated by org.testng.reporters.JUnitReportReporter -->
<testsuite skipped="0" hostname="DESKTOP-LT0H2AE" name="com.tests.WOPositiveLoginTests" tests="1" failures="0" timestamp="14 Feb 2018 23:23:41 GMT" time="4.074" errors="0">
  <testcase name="test" time="4.074" classname="com.tests.WOPositiveLoginTests"/>
</testsuite> <!-- com.tests.WOPositiveLoginTests -->
