<?xml version="1.0" encoding="UTF-8"?>
<!-- Generated by org.testng.reporters.JUnitReportReporter -->
<testsuite skipped="0" hostname="DESKTOP-LT0H2AE" name="com.tests.FindCellByIndex" tests="2" failures="0" timestamp="10 Feb 2018 22:15:46 GMT" time="10.286" errors="0">
  <testcase name="test" time="4.398" classname="com.tests.FindCellByIndex"/>
  <testcase name="test2" time="5.888" classname="com.tests.FindCellByIndex"/>
</testsuite> <!-- com.tests.FindCellByIndex -->
