<?xml version="1.0" encoding="UTF-8"?>
<!-- Generated by org.testng.reporters.JUnitReportReporter -->
<testsuite skipped="0" hostname="DESKTOP-LT0H2AE" name="com.tests.Sync" tests="1" failures="0" timestamp="24 Feb 2018 16:53:47 GMT" time="10.800" errors="0">
  <testcase name="implicitWait" time="10.800" classname="com.tests.Sync"/>
</testsuite> <!-- com.tests.Sync -->
