<?xml version="1.0" encoding="UTF-8"?>
<!-- Generated by org.testng.reporters.JUnitReportReporter -->
<testsuite skipped="0" hostname="DESKTOP-LT0H2AE" name="com.tests.ActionsDemo" tests="1" failures="0" timestamp="10 Jan 2019 03:50:34 GMT" time="8.253" errors="0">
  <testcase name="pageDown2" time="8.253" classname="com.tests.ActionsDemo"/>
</testsuite> <!-- com.tests.ActionsDemo -->
