<?xml version="1.0" encoding="UTF-8"?>
<!-- Generated by org.testng.reporters.JUnitReportReporter -->
<testsuite skipped="0" hostname="DESKTOP-LT0H2AE" name="com.tests.AddOrderTest" tests="1" failures="0" timestamp="10 Feb 2018 21:07:15 GMT" time="5.476" errors="0">
  <testcase name="test" time="5.476" classname="com.tests.AddOrderTest"/>
</testsuite> <!-- com.tests.AddOrderTest -->
