<?xml version="1.0" encoding="UTF-8"?>
<!-- Generated by org.testng.reporters.JUnitReportReporter -->
<testsuite skipped="0" hostname="DESKTOP-LT0H2AE" name="com.tests.FileUploadDemo" tests="1" failures="0" timestamp="15 Feb 2018 02:52:35 GMT" time="4.729" errors="0">
  <testcase name="fileUploadTest" time="4.729" classname="com.tests.FileUploadDemo"/>
</testsuite> <!-- com.tests.FileUploadDemo -->
