<?xml version="1.0" encoding="UTF-8"?>
<!-- Generated by org.testng.reporters.JUnitReportReporter -->
<testsuite skipped="0" hostname="DESKTOP-LT0H2AE" name="com.tests.JSAlertDemo" tests="1" failures="0" timestamp="17 Feb 2018 17:00:58 GMT" time="2.559" errors="0">
  <testcase name="test" time="2.559" classname="com.tests.JSAlertDemo"/>
</testsuite> <!-- com.tests.JSAlertDemo -->
