<?xml version="1.0" encoding="UTF-8"?>
<!-- Generated by org.testng.reporters.JUnitReportReporter -->
<testsuite skipped="0" hostname="DESKTOP-LT0H2AE" name="com.tests.EmailGeneratorTest" tests="2" failures="0" timestamp="31 Jan 2018 01:56:15 GMT" time="0.015" errors="0">
  <testcase name="domainTest" time="0.015" classname="com.tests.EmailGeneratorTest"/>
  <testcase name="emailMatchesTest" time="0.000" classname="com.tests.EmailGeneratorTest"/>
</testsuite> <!-- com.tests.EmailGeneratorTest -->
