<?xml version="1.0" encoding="UTF-8"?>
<!-- Generated by org.testng.reporters.JUnitReportReporter -->
<testsuite skipped="0" hostname="DESKTOP-LT0H2AE" name="com.tests.WONegativeTests" tests="4" failures="0" timestamp="14 Feb 2018 23:34:25 GMT" time="15.119" errors="0">
  <testcase name="test" time="3.118" classname="com.tests.WONegativeTests"/>
  <testcase name="test2" time="5.989" classname="com.tests.WONegativeTests"/>
  <testcase name="test4" time="2.995" classname="com.tests.WONegativeTests"/>
  <testcase name="test3" time="3.017" classname="com.tests.WONegativeTests"/>
</testsuite> <!-- com.tests.WONegativeTests -->
