<?xml version="1.0" encoding="UTF-8"?>
<!-- Generated by org.testng.reporters.JUnitReportReporter -->
<testsuite skipped="0" hostname="DESKTOP-LT0H2AE" name="com.tests.JSExecutorDemo" tests="1" failures="0" timestamp="24 Feb 2018 21:35:35 GMT" time="15.795" errors="0">
  <testcase name="scroll" time="15.795" classname="com.tests.JSExecutorDemo"/>
</testsuite> <!-- com.tests.JSExecutorDemo -->
