<?xml version="1.0" encoding="UTF-8"?>
<!-- Generated by org.testng.reporters.JUnitReportReporter -->
<testsuite skipped="0" hostname="DESKTOP-LT0H2AE" name="com.tests.AddOrderTest" tests="1" failures="0" timestamp="10 Jan 2019 03:52:47 GMT" time="6.838" errors="0">
  <testcase name="test" time="6.838" classname="com.tests.AddOrderTest"/>
</testsuite> <!-- com.tests.AddOrderTest -->
